Sending build context to Docker daemon  292.4MB
Step 1/12 : FROM nvcr.io/nvidia/cuda:11.6.2-base-ubuntu20.04
 ---> 2098e65daccd
Step 2/12 : WORKDIR /app
 ---> Using cache
 ---> 15db9de2454a
Step 3/12 : ENV DEBIAN_FRONTEND=noninteractive
 ---> Using cache
 ---> c97a7687ef83
Step 4/12 : ENV TZ=Europe/London
 ---> Using cache
 ---> 560c640e413a
Step 5/12 : RUN apt-get update && apt-get install -y     openslide-tools     python3     python3-pip     python3-openslide     expect     tzdata     git     ffmpeg &&     rm -rf /var/lib/apt/lists/*
 ---> Using cache
 ---> 10f9e3dc8123
Step 6/12 : RUN python3 --version && pip3 --version
 ---> Using cache
 ---> 0f5c4cf430b0
Step 7/12 : RUN pip3 install --upgrade cryptography pyopenssl
 ---> Using cache
 ---> e12552edfd8c
Step 8/12 : COPY requirements.txt /app/requirements.txt
 ---> Using cache
 ---> f091bf5b1665
Step 9/12 : RUN pip3 install -r /app/requirements.txt
 ---> Using cache
 ---> 3336a5843db4
Step 10/12 : RUN pip3 install torch==1.13.0 torchvision==0.14.0 --extra-index-url https://download.pytorch.org/whl/cu117
 ---> Using cache
 ---> 774ed22771cb
Step 11/12 : COPY . /app/ips_attention_masking
 ---> 1cf026ec286d
Step 12/12 : CMD ["bash"]
 ---> Running in 46934ef3ae8c
Removing intermediate container 46934ef3ae8c
 ---> 9797860f3df1
Successfully built 9797860f3df1
Successfully tagged my-custom-image:latest
